D:\MYPROJECT\EXAMPLEFORBLOG\TOOLFRAMEWORK\INTERM\DEBUGDLL\BMPFILE.OBJ
D:\MYPROJECT\EXAMPLEFORBLOG\TOOLFRAMEWORK\INTERM\DEBUGDLL\BMPFILE.SBR
D:\MyProject\ExampleForBlog\ToolFramework\Interm\DebugDLL\BscMake.command.1.tlog
D:\MyProject\ExampleForBlog\ToolFramework\Interm\DebugDLL\bscmake.read.1.tlog
D:\MyProject\ExampleForBlog\ToolFramework\Interm\DebugDLL\bscmake.write.1.tlog
D:\MYPROJECT\EXAMPLEFORBLOG\TOOLFRAMEWORK\INTERM\DEBUGDLL\CAMERA.OBJ
D:\MYPROJECT\EXAMPLEFORBLOG\TOOLFRAMEWORK\INTERM\DEBUGDLL\CAMERA.SBR
D:\MyProject\ExampleForBlog\ToolFramework\Interm\DebugDLL\cl.command.1.tlog
D:\MyProject\ExampleForBlog\ToolFramework\Interm\DebugDLL\CL.read.1.tlog
D:\MyProject\ExampleForBlog\ToolFramework\Interm\DebugDLL\CL.write.1.tlog
D:\MYPROJECT\EXAMPLEFORBLOG\TOOLFRAMEWORK\INTERM\DEBUGDLL\D3DAPP.OBJ
D:\MYPROJECT\EXAMPLEFORBLOG\TOOLFRAMEWORK\INTERM\DEBUGDLL\D3DAPP.SBR
D:\MYPROJECT\EXAMPLEFORBLOG\TOOLFRAMEWORK\INTERM\DEBUGDLL\DRAWEX.OBJ
D:\MYPROJECT\EXAMPLEFORBLOG\TOOLFRAMEWORK\INTERM\DEBUGDLL\DRAWEX.SBR
D:\MYPROJECT\EXAMPLEFORBLOG\TOOLFRAMEWORK\INTERM\DEBUGDLL\DXUTIL.OBJ
D:\MYPROJECT\EXAMPLEFORBLOG\TOOLFRAMEWORK\INTERM\DEBUGDLL\DXUTIL.SBR
D:\MYPROJECT\EXAMPLEFORBLOG\TOOLFRAMEWORK\INTERM\DEBUGDLL\EFFECT.OBJ
D:\MYPROJECT\EXAMPLEFORBLOG\TOOLFRAMEWORK\INTERM\DEBUGDLL\EFFECT.SBR
D:\MYPROJECT\EXAMPLEFORBLOG\TOOLFRAMEWORK\INTERM\DEBUGDLL\EFFECT_FIRE.OBJ
D:\MYPROJECT\EXAMPLEFORBLOG\TOOLFRAMEWORK\INTERM\DEBUGDLL\EFFECT_FIRE.SBR
D:\MYPROJECT\EXAMPLEFORBLOG\TOOLFRAMEWORK\INTERM\DEBUGDLL\EFFECT_FIREBROKEN.OBJ
D:\MYPROJECT\EXAMPLEFORBLOG\TOOLFRAMEWORK\INTERM\DEBUGDLL\EFFECT_FIREBROKEN.SBR
D:\MYPROJECT\EXAMPLEFORBLOG\TOOLFRAMEWORK\INTERM\DEBUGDLL\FRAMEWORK.DLL.INTERMEDIATE.MANIFEST
D:\MyProject\ExampleForBlog\ToolFramework\Interm\DebugDLL\FrameWork.write.1.tlog
D:\MYPROJECT\EXAMPLEFORBLOG\TOOLFRAMEWORK\INTERM\DEBUGDLL\GAMEMAIN.OBJ
D:\MYPROJECT\EXAMPLEFORBLOG\TOOLFRAMEWORK\INTERM\DEBUGDLL\GAMEMAIN.SBR
D:\MyProject\ExampleForBlog\ToolFramework\Interm\DebugDLL\link.command.1.tlog
D:\MyProject\ExampleForBlog\ToolFramework\Interm\DebugDLL\link.read.1.tlog
D:\MyProject\ExampleForBlog\ToolFramework\Interm\DebugDLL\link.write.1.tlog
D:\MYPROJECT\EXAMPLEFORBLOG\TOOLFRAMEWORK\INTERM\DEBUGDLL\MESH.OBJ
D:\MYPROJECT\EXAMPLEFORBLOG\TOOLFRAMEWORK\INTERM\DEBUGDLL\MESH.SBR
D:\MYPROJECT\EXAMPLEFORBLOG\TOOLFRAMEWORK\INTERM\DEBUGDLL\MODEL.OBJ
D:\MYPROJECT\EXAMPLEFORBLOG\TOOLFRAMEWORK\INTERM\DEBUGDLL\MODEL.SBR
D:\MyProject\ExampleForBlog\ToolFramework\Interm\DebugDLL\mt.command.1.tlog
D:\MyProject\ExampleForBlog\ToolFramework\Interm\DebugDLL\mt.read.1.tlog
D:\MyProject\ExampleForBlog\ToolFramework\Interm\DebugDLL\mt.write.1.tlog
D:\MYPROJECT\EXAMPLEFORBLOG\TOOLFRAMEWORK\INTERM\DEBUGDLL\PICKING.OBJ
D:\MYPROJECT\EXAMPLEFORBLOG\TOOLFRAMEWORK\INTERM\DEBUGDLL\PICKING.SBR
D:\MYPROJECT\EXAMPLEFORBLOG\TOOLFRAMEWORK\INTERM\DEBUGDLL\PLAYER.OBJ
D:\MYPROJECT\EXAMPLEFORBLOG\TOOLFRAMEWORK\INTERM\DEBUGDLL\PLAYER.SBR
D:\MYPROJECT\EXAMPLEFORBLOG\TOOLFRAMEWORK\INTERM\DEBUGDLL\RENDER.OBJ
D:\MYPROJECT\EXAMPLEFORBLOG\TOOLFRAMEWORK\INTERM\DEBUGDLL\RENDER.SBR
D:\MYPROJECT\EXAMPLEFORBLOG\TOOLFRAMEWORK\INTERM\DEBUGDLL\RENDER_CARTOON.OBJ
D:\MYPROJECT\EXAMPLEFORBLOG\TOOLFRAMEWORK\INTERM\DEBUGDLL\RENDER_CARTOON.SBR
D:\MYPROJECT\EXAMPLEFORBLOG\TOOLFRAMEWORK\INTERM\DEBUGDLL\TIMER.OBJ
D:\MYPROJECT\EXAMPLEFORBLOG\TOOLFRAMEWORK\INTERM\DEBUGDLL\TIMER.SBR
D:\MYPROJECT\EXAMPLEFORBLOG\TOOLFRAMEWORK\INTERM\DEBUGDLL\UTILITY.OBJ
D:\MYPROJECT\EXAMPLEFORBLOG\TOOLFRAMEWORK\INTERM\DEBUGDLL\UTILITY.SBR
D:\MyProject\ExampleForBlog\ToolFramework\Interm\DebugDLL\vc100.idb
D:\MYPROJECT\EXAMPLEFORBLOG\TOOLFRAMEWORK\INTERM\DEBUGDLL\VC100.PDB
D:\MYPROJECT\EXAMPLEFORBLOG\TOOLFRAMEWORK\INTERM\DEBUGDLL\XFILE.OBJ
D:\MYPROJECT\EXAMPLEFORBLOG\TOOLFRAMEWORK\INTERM\DEBUGDLL\XFILE.SBR
D:\MYPROJECT\EXAMPLEFORBLOG\TOOLFRAMEWORK\INTERM\DEBUGDLL\ZFRUSTUM.OBJ
D:\MYPROJECT\EXAMPLEFORBLOG\TOOLFRAMEWORK\INTERM\DEBUGDLL\ZFRUSTUM.SBR
D:\MYPROJECT\EXAMPLEFORBLOG\TOOLFRAMEWORK\INTERM\DEBUGDLL\ZQUADTREE.OBJ
D:\MYPROJECT\EXAMPLEFORBLOG\TOOLFRAMEWORK\INTERM\DEBUGDLL\ZQUADTREE.SBR
D:\MYPROJECT\EXAMPLEFORBLOG\TOOLFRAMEWORK\INTERM\DEBUGDLL\ZTERRAIN.OBJ
D:\MYPROJECT\EXAMPLEFORBLOG\TOOLFRAMEWORK\INTERM\DEBUGDLL\ZTERRAIN.SBR
D:\MYPROJECT\EXAMPLEFORBLOG\TOOLFRAMEWORK\OUTPUT\DEBUGDLL\FRAMEWORK.BSC
D:\MYPROJECT\EXAMPLEFORBLOG\TOOLFRAMEWORK\OUTPUT\DEBUGDLL\FRAMEWORK.DLL
D:\MyProject\ExampleForBlog\ToolFramework\Output\DebugDll\FrameWork.exp
D:\MYPROJECT\EXAMPLEFORBLOG\TOOLFRAMEWORK\OUTPUT\DEBUGDLL\FRAMEWORK.ILK
D:\MyProject\ExampleForBlog\ToolFramework\Output\DebugDll\FrameWork.lib
D:\MYPROJECT\EXAMPLEFORBLOG\TOOLFRAMEWORK\OUTPUT\DEBUGDLL\FRAMEWORK.MAP
D:\MYPROJECT\EXAMPLEFORBLOG\TOOLFRAMEWORK\OUTPUT\DEBUGDLL\FRAMEWORK.PDB
