..\..\..\Output\DebugDll\FrameWork.bsc
..\..\..\Output\DebugDll\FrameWork.ilk
..\..\..\Output\DebugDll\FrameWork.pdb
D:\MYPROJECT\EXAMPLEFORBLOG\TOOLFRAMEWORK\INTERM\DEBUGDLL\BMPFILE.OBJ
D:\MYPROJECT\EXAMPLEFORBLOG\TOOLFRAMEWORK\INTERM\DEBUGDLL\BMPFILE.SBR
D:\MyProject\ExampleForBlog\ToolFramework\Interm\DebugDll\BscMake.command.1.tlog
D:\MyProject\ExampleForBlog\ToolFramework\Interm\DebugDll\bscmake.read.1.tlog
D:\MyProject\ExampleForBlog\ToolFramework\Interm\DebugDll\bscmake.write.1.tlog
D:\MYPROJECT\EXAMPLEFORBLOG\TOOLFRAMEWORK\INTERM\DEBUGDLL\CAMERA.OBJ
D:\MYPROJECT\EXAMPLEFORBLOG\TOOLFRAMEWORK\INTERM\DEBUGDLL\CAMERA.SBR
D:\MyProject\ExampleForBlog\ToolFramework\Interm\DebugDll\cl.command.1.tlog
D:\MyProject\ExampleForBlog\ToolFramework\Interm\DebugDll\CL.read.1.tlog
D:\MyProject\ExampleForBlog\ToolFramework\Interm\DebugDll\CL.write.1.tlog
D:\MYPROJECT\EXAMPLEFORBLOG\TOOLFRAMEWORK\INTERM\DEBUGDLL\CLIENTLAUNCHER.EXE.EMBED.MANIFEST
D:\MYPROJECT\EXAMPLEFORBLOG\TOOLFRAMEWORK\INTERM\DEBUGDLL\CLIENTLAUNCHER.EXE.EMBED.MANIFEST.RES
D:\MYPROJECT\EXAMPLEFORBLOG\TOOLFRAMEWORK\INTERM\DEBUGDLL\CLIENTLAUNCHER.EXE.INTERMEDIATE.MANIFEST
D:\MyProject\ExampleForBlog\ToolFramework\Interm\DebugDll\ClientLauncher.write.1.tlog
D:\MyProject\ExampleForBlog\ToolFramework\Interm\DebugDll\ClientLauncher_manifest.rc
D:\MYPROJECT\EXAMPLEFORBLOG\TOOLFRAMEWORK\INTERM\DEBUGDLL\D3DAPP.OBJ
D:\MYPROJECT\EXAMPLEFORBLOG\TOOLFRAMEWORK\INTERM\DEBUGDLL\D3DAPP.SBR
D:\MYPROJECT\EXAMPLEFORBLOG\TOOLFRAMEWORK\INTERM\DEBUGDLL\DLLEXPORT.OBJ
D:\MYPROJECT\EXAMPLEFORBLOG\TOOLFRAMEWORK\INTERM\DEBUGDLL\DRAWEX.OBJ
D:\MYPROJECT\EXAMPLEFORBLOG\TOOLFRAMEWORK\INTERM\DEBUGDLL\DRAWEX.SBR
D:\MYPROJECT\EXAMPLEFORBLOG\TOOLFRAMEWORK\INTERM\DEBUGDLL\DXUTIL.OBJ
D:\MYPROJECT\EXAMPLEFORBLOG\TOOLFRAMEWORK\INTERM\DEBUGDLL\DXUTIL.SBR
D:\MYPROJECT\EXAMPLEFORBLOG\TOOLFRAMEWORK\INTERM\DEBUGDLL\EFFECT.OBJ
D:\MYPROJECT\EXAMPLEFORBLOG\TOOLFRAMEWORK\INTERM\DEBUGDLL\EFFECT.SBR
D:\MYPROJECT\EXAMPLEFORBLOG\TOOLFRAMEWORK\INTERM\DEBUGDLL\EFFECT_FIRE.OBJ
D:\MYPROJECT\EXAMPLEFORBLOG\TOOLFRAMEWORK\INTERM\DEBUGDLL\EFFECT_FIRE.SBR
D:\MYPROJECT\EXAMPLEFORBLOG\TOOLFRAMEWORK\INTERM\DEBUGDLL\EFFECT_FIREBROKEN.OBJ
D:\MYPROJECT\EXAMPLEFORBLOG\TOOLFRAMEWORK\INTERM\DEBUGDLL\EFFECT_FIREBROKEN.SBR
D:\MYPROJECT\EXAMPLEFORBLOG\TOOLFRAMEWORK\INTERM\DEBUGDLL\FRAMEWORK.DLL.INTERMEDIATE.MANIFEST
D:\MyProject\ExampleForBlog\ToolFramework\Interm\DebugDll\FrameWork.write.1.tlog
D:\MYPROJECT\EXAMPLEFORBLOG\TOOLFRAMEWORK\INTERM\DEBUGDLL\GAMEMAIN.OBJ
D:\MYPROJECT\EXAMPLEFORBLOG\TOOLFRAMEWORK\INTERM\DEBUGDLL\GAMEMAIN.SBR
D:\MyProject\ExampleForBlog\ToolFramework\Interm\DebugDll\link.3488.read.1.tlog
D:\MyProject\ExampleForBlog\ToolFramework\Interm\DebugDll\link.3488.write.1.tlog
D:\MyProject\ExampleForBlog\ToolFramework\Interm\DebugDll\link.3488-cvtres.read.1.tlog
D:\MyProject\ExampleForBlog\ToolFramework\Interm\DebugDll\link.3488-cvtres.write.1.tlog
D:\MyProject\ExampleForBlog\ToolFramework\Interm\DebugDll\link.4076.read.1.tlog
D:\MyProject\ExampleForBlog\ToolFramework\Interm\DebugDll\link.4076.write.1.tlog
D:\MyProject\ExampleForBlog\ToolFramework\Interm\DebugDll\link.4076-cvtres.read.1.tlog
D:\MyProject\ExampleForBlog\ToolFramework\Interm\DebugDll\link.4076-cvtres.write.1.tlog
D:\MyProject\ExampleForBlog\ToolFramework\Interm\DebugDll\link.command.1.tlog
D:\MyProject\ExampleForBlog\ToolFramework\Interm\DebugDll\link.read.1.tlog
D:\MyProject\ExampleForBlog\ToolFramework\Interm\DebugDll\link.read.2.tlog
D:\MyProject\ExampleForBlog\ToolFramework\Interm\DebugDll\link.write.1.tlog
D:\MyProject\ExampleForBlog\ToolFramework\Interm\DebugDll\link-cvtres.read.1.tlog
D:\MyProject\ExampleForBlog\ToolFramework\Interm\DebugDll\link-cvtres.write.1.tlog
D:\MYPROJECT\EXAMPLEFORBLOG\TOOLFRAMEWORK\INTERM\DEBUGDLL\MESH.OBJ
D:\MYPROJECT\EXAMPLEFORBLOG\TOOLFRAMEWORK\INTERM\DEBUGDLL\MESH.SBR
D:\MYPROJECT\EXAMPLEFORBLOG\TOOLFRAMEWORK\INTERM\DEBUGDLL\MODEL.OBJ
D:\MYPROJECT\EXAMPLEFORBLOG\TOOLFRAMEWORK\INTERM\DEBUGDLL\MODEL.SBR
D:\MyProject\ExampleForBlog\ToolFramework\Interm\DebugDll\mt.command.1.tlog
D:\MyProject\ExampleForBlog\ToolFramework\Interm\DebugDll\mt.read.1.tlog
D:\MyProject\ExampleForBlog\ToolFramework\Interm\DebugDll\mt.write.1.tlog
D:\MYPROJECT\EXAMPLEFORBLOG\TOOLFRAMEWORK\INTERM\DEBUGDLL\PICKING.OBJ
D:\MYPROJECT\EXAMPLEFORBLOG\TOOLFRAMEWORK\INTERM\DEBUGDLL\PICKING.SBR
D:\MYPROJECT\EXAMPLEFORBLOG\TOOLFRAMEWORK\INTERM\DEBUGDLL\PLAYER.OBJ
D:\MYPROJECT\EXAMPLEFORBLOG\TOOLFRAMEWORK\INTERM\DEBUGDLL\PLAYER.SBR
D:\MyProject\ExampleForBlog\ToolFramework\Interm\DebugDll\rc.command.1.tlog
D:\MyProject\ExampleForBlog\ToolFramework\Interm\DebugDll\rc.read.1.tlog
D:\MyProject\ExampleForBlog\ToolFramework\Interm\DebugDll\rc.write.1.tlog
D:\MYPROJECT\EXAMPLEFORBLOG\TOOLFRAMEWORK\INTERM\DEBUGDLL\RENDER.OBJ
D:\MYPROJECT\EXAMPLEFORBLOG\TOOLFRAMEWORK\INTERM\DEBUGDLL\RENDER.SBR
D:\MYPROJECT\EXAMPLEFORBLOG\TOOLFRAMEWORK\INTERM\DEBUGDLL\RENDER_CARTOON.OBJ
D:\MYPROJECT\EXAMPLEFORBLOG\TOOLFRAMEWORK\INTERM\DEBUGDLL\RENDER_CARTOON.SBR
D:\MYPROJECT\EXAMPLEFORBLOG\TOOLFRAMEWORK\INTERM\DEBUGDLL\SCRIPT1.RES
D:\MYPROJECT\EXAMPLEFORBLOG\TOOLFRAMEWORK\INTERM\DEBUGDLL\TIMER.OBJ
D:\MYPROJECT\EXAMPLEFORBLOG\TOOLFRAMEWORK\INTERM\DEBUGDLL\TIMER.SBR
D:\MYPROJECT\EXAMPLEFORBLOG\TOOLFRAMEWORK\INTERM\DEBUGDLL\TOOLINTERFACE.DLL.EMBED.MANIFEST
D:\MYPROJECT\EXAMPLEFORBLOG\TOOLFRAMEWORK\INTERM\DEBUGDLL\TOOLINTERFACE.DLL.EMBED.MANIFEST.RES
D:\MYPROJECT\EXAMPLEFORBLOG\TOOLFRAMEWORK\INTERM\DEBUGDLL\TOOLINTERFACE.DLL.INTERMEDIATE.MANIFEST
D:\MYPROJECT\EXAMPLEFORBLOG\TOOLFRAMEWORK\INTERM\DEBUGDLL\TOOLINTERFACE.OBJ
D:\MYPROJECT\EXAMPLEFORBLOG\TOOLFRAMEWORK\INTERM\DEBUGDLL\TOOLINTERFACE.PCH
D:\MyProject\ExampleForBlog\ToolFramework\Interm\DebugDll\ToolInterface.write.1.tlog
D:\MyProject\ExampleForBlog\ToolFramework\Interm\DebugDll\ToolInterface_manifest.rc
D:\MYPROJECT\EXAMPLEFORBLOG\TOOLFRAMEWORK\INTERM\DEBUGDLL\TOOLPCH.OBJ
D:\MYPROJECT\EXAMPLEFORBLOG\TOOLFRAMEWORK\INTERM\DEBUGDLL\UTILITY.OBJ
D:\MYPROJECT\EXAMPLEFORBLOG\TOOLFRAMEWORK\INTERM\DEBUGDLL\UTILITY.SBR
D:\MyProject\ExampleForBlog\ToolFramework\Interm\DebugDll\vc100.idb
D:\MYPROJECT\EXAMPLEFORBLOG\TOOLFRAMEWORK\INTERM\DEBUGDLL\VC100.PDB
D:\MYPROJECT\EXAMPLEFORBLOG\TOOLFRAMEWORK\INTERM\DEBUGDLL\WINMAIN.OBJ
D:\MYPROJECT\EXAMPLEFORBLOG\TOOLFRAMEWORK\INTERM\DEBUGDLL\XFILE.OBJ
D:\MYPROJECT\EXAMPLEFORBLOG\TOOLFRAMEWORK\INTERM\DEBUGDLL\XFILE.SBR
D:\MYPROJECT\EXAMPLEFORBLOG\TOOLFRAMEWORK\INTERM\DEBUGDLL\ZFRUSTUM.OBJ
D:\MYPROJECT\EXAMPLEFORBLOG\TOOLFRAMEWORK\INTERM\DEBUGDLL\ZFRUSTUM.SBR
D:\MYPROJECT\EXAMPLEFORBLOG\TOOLFRAMEWORK\INTERM\DEBUGDLL\ZQUADTREE.OBJ
D:\MYPROJECT\EXAMPLEFORBLOG\TOOLFRAMEWORK\INTERM\DEBUGDLL\ZQUADTREE.SBR
D:\MYPROJECT\EXAMPLEFORBLOG\TOOLFRAMEWORK\INTERM\DEBUGDLL\ZTERRAIN.OBJ
D:\MYPROJECT\EXAMPLEFORBLOG\TOOLFRAMEWORK\INTERM\DEBUGDLL\ZTERRAIN.SBR
D:\MYPROJECT\EXAMPLEFORBLOG\TOOLFRAMEWORK\OUTPUT\DEBUGDLL\CLIENTLAUNCHER.EXE
D:\MYPROJECT\EXAMPLEFORBLOG\TOOLFRAMEWORK\OUTPUT\DEBUGDLL\CLIENTLAUNCHER.ILK
D:\MYPROJECT\EXAMPLEFORBLOG\TOOLFRAMEWORK\OUTPUT\DEBUGDLL\CLIENTLAUNCHER.PDB
D:\MYPROJECT\EXAMPLEFORBLOG\TOOLFRAMEWORK\OUTPUT\DEBUGDLL\FRAMEWORK.BSC
D:\MYPROJECT\EXAMPLEFORBLOG\TOOLFRAMEWORK\OUTPUT\DEBUGDLL\FRAMEWORK.DLL
D:\MyProject\ExampleForBlog\ToolFramework\Output\DebugDll\FrameWork.exp
D:\MYPROJECT\EXAMPLEFORBLOG\TOOLFRAMEWORK\OUTPUT\DEBUGDLL\FRAMEWORK.ILK
D:\MyProject\ExampleForBlog\ToolFramework\Output\DebugDll\FrameWork.lib
D:\MYPROJECT\EXAMPLEFORBLOG\TOOLFRAMEWORK\OUTPUT\DEBUGDLL\FRAMEWORK.MAP
D:\MYPROJECT\EXAMPLEFORBLOG\TOOLFRAMEWORK\OUTPUT\DEBUGDLL\FRAMEWORK.PDB
D:\MYPROJECT\EXAMPLEFORBLOG\TOOLFRAMEWORK\OUTPUT\DEBUGDLL\TOOLINTERFACE.DLL
D:\MyProject\ExampleForBlog\ToolFramework\Output\DebugDll\ToolInterface.exp
D:\MYPROJECT\EXAMPLEFORBLOG\TOOLFRAMEWORK\OUTPUT\DEBUGDLL\TOOLINTERFACE.ILK
D:\MyProject\ExampleForBlog\ToolFramework\Output\DebugDll\ToolInterface.lib
D:\MYPROJECT\EXAMPLEFORBLOG\TOOLFRAMEWORK\OUTPUT\DEBUGDLL\TOOLINTERFACE.PDB
D:\MyProject\ExampleForBlog\ToolFramework\Source\Native\FrameWork\..\..\..\Output\DebugDll\FrameWork.dll
