..\..\..\Output\DebugDll\ToolInterface.pdb
E:\WORKROOM\MYWORK\EXAMPLEFORBLOG\TOOLFRAMEWORK\INTERM\DEBUGDLL\BMPFILE.OBJ
E:\WORKROOM\MYWORK\EXAMPLEFORBLOG\TOOLFRAMEWORK\INTERM\DEBUGDLL\BMPFILE.SBR
E:\WorkRoom\MyWork\ExampleForBlog\ToolFramework\Interm\DebugDll\BscMake.command.1.tlog
E:\WorkRoom\MyWork\ExampleForBlog\ToolFramework\Interm\DebugDll\bscmake.read.1.tlog
E:\WorkRoom\MyWork\ExampleForBlog\ToolFramework\Interm\DebugDll\bscmake.write.1.tlog
E:\WORKROOM\MYWORK\EXAMPLEFORBLOG\TOOLFRAMEWORK\INTERM\DEBUGDLL\CAMERA.OBJ
E:\WORKROOM\MYWORK\EXAMPLEFORBLOG\TOOLFRAMEWORK\INTERM\DEBUGDLL\CAMERA.SBR
E:\WorkRoom\MyWork\ExampleForBlog\ToolFramework\Interm\DebugDll\cl.command.1.tlog
E:\WorkRoom\MyWork\ExampleForBlog\ToolFramework\Interm\DebugDll\CL.read.1.tlog
E:\WorkRoom\MyWork\ExampleForBlog\ToolFramework\Interm\DebugDll\CL.write.1.tlog
E:\WORKROOM\MYWORK\EXAMPLEFORBLOG\TOOLFRAMEWORK\INTERM\DEBUGDLL\CLIENTLAUNCHER.EXE.EMBED.MANIFEST
E:\WORKROOM\MYWORK\EXAMPLEFORBLOG\TOOLFRAMEWORK\INTERM\DEBUGDLL\CLIENTLAUNCHER.EXE.EMBED.MANIFEST.RES
E:\WORKROOM\MYWORK\EXAMPLEFORBLOG\TOOLFRAMEWORK\INTERM\DEBUGDLL\CLIENTLAUNCHER.EXE.INTERMEDIATE.MANIFEST
E:\WorkRoom\MyWork\ExampleForBlog\ToolFramework\Interm\DebugDll\ClientLauncher.vcxprojResolveAssemblyReference.cache
E:\WorkRoom\MyWork\ExampleForBlog\ToolFramework\Interm\DebugDll\ClientLauncher.write.1.tlog
E:\WorkRoom\MyWork\ExampleForBlog\ToolFramework\Interm\DebugDll\ClientLauncher_manifest.rc
E:\WORKROOM\MYWORK\EXAMPLEFORBLOG\TOOLFRAMEWORK\INTERM\DEBUGDLL\D3DAPP.OBJ
E:\WORKROOM\MYWORK\EXAMPLEFORBLOG\TOOLFRAMEWORK\INTERM\DEBUGDLL\D3DAPP.SBR
E:\WORKROOM\MYWORK\EXAMPLEFORBLOG\TOOLFRAMEWORK\INTERM\DEBUGDLL\DLLEXPORT.OBJ
E:\WORKROOM\MYWORK\EXAMPLEFORBLOG\TOOLFRAMEWORK\INTERM\DEBUGDLL\DRAWEX.OBJ
E:\WORKROOM\MYWORK\EXAMPLEFORBLOG\TOOLFRAMEWORK\INTERM\DEBUGDLL\DRAWEX.SBR
E:\WORKROOM\MYWORK\EXAMPLEFORBLOG\TOOLFRAMEWORK\INTERM\DEBUGDLL\DXUTIL.OBJ
E:\WORKROOM\MYWORK\EXAMPLEFORBLOG\TOOLFRAMEWORK\INTERM\DEBUGDLL\DXUTIL.SBR
E:\WORKROOM\MYWORK\EXAMPLEFORBLOG\TOOLFRAMEWORK\INTERM\DEBUGDLL\EFFECT.OBJ
E:\WORKROOM\MYWORK\EXAMPLEFORBLOG\TOOLFRAMEWORK\INTERM\DEBUGDLL\EFFECT.SBR
E:\WORKROOM\MYWORK\EXAMPLEFORBLOG\TOOLFRAMEWORK\INTERM\DEBUGDLL\EFFECT_FIRE.OBJ
E:\WORKROOM\MYWORK\EXAMPLEFORBLOG\TOOLFRAMEWORK\INTERM\DEBUGDLL\EFFECT_FIRE.SBR
E:\WORKROOM\MYWORK\EXAMPLEFORBLOG\TOOLFRAMEWORK\INTERM\DEBUGDLL\EFFECT_FIREBROKEN.OBJ
E:\WORKROOM\MYWORK\EXAMPLEFORBLOG\TOOLFRAMEWORK\INTERM\DEBUGDLL\EFFECT_FIREBROKEN.SBR
E:\WORKROOM\MYWORK\EXAMPLEFORBLOG\TOOLFRAMEWORK\INTERM\DEBUGDLL\FRAMEWORK.DLL.INTERMEDIATE.MANIFEST
E:\WorkRoom\MyWork\ExampleForBlog\ToolFramework\Interm\DebugDll\FrameWork.vcxprojResolveAssemblyReference.cache
E:\WorkRoom\MyWork\ExampleForBlog\ToolFramework\Interm\DebugDll\FrameWork.write.1.tlog
E:\WORKROOM\MYWORK\EXAMPLEFORBLOG\TOOLFRAMEWORK\INTERM\DEBUGDLL\GAMEMAIN.OBJ
E:\WORKROOM\MYWORK\EXAMPLEFORBLOG\TOOLFRAMEWORK\INTERM\DEBUGDLL\GAMEMAIN.SBR
E:\WorkRoom\MyWork\ExampleForBlog\ToolFramework\Interm\DebugDll\link.10128.read.1.tlog
E:\WorkRoom\MyWork\ExampleForBlog\ToolFramework\Interm\DebugDll\link.10128.write.1.tlog
E:\WorkRoom\MyWork\ExampleForBlog\ToolFramework\Interm\DebugDll\link.10128-cvtres.read.1.tlog
E:\WorkRoom\MyWork\ExampleForBlog\ToolFramework\Interm\DebugDll\link.10128-cvtres.write.1.tlog
E:\WorkRoom\MyWork\ExampleForBlog\ToolFramework\Interm\DebugDll\link.22212.read.1.tlog
E:\WorkRoom\MyWork\ExampleForBlog\ToolFramework\Interm\DebugDll\link.22212.write.1.tlog
E:\WorkRoom\MyWork\ExampleForBlog\ToolFramework\Interm\DebugDll\link.22212-cvtres.read.1.tlog
E:\WorkRoom\MyWork\ExampleForBlog\ToolFramework\Interm\DebugDll\link.22212-cvtres.write.1.tlog
E:\WorkRoom\MyWork\ExampleForBlog\ToolFramework\Interm\DebugDll\link.command.1.tlog
E:\WorkRoom\MyWork\ExampleForBlog\ToolFramework\Interm\DebugDll\link.read.1.tlog
E:\WorkRoom\MyWork\ExampleForBlog\ToolFramework\Interm\DebugDll\link.read.2.tlog
E:\WorkRoom\MyWork\ExampleForBlog\ToolFramework\Interm\DebugDll\link.write.1.tlog
E:\WorkRoom\MyWork\ExampleForBlog\ToolFramework\Interm\DebugDll\link-cvtres.read.1.tlog
E:\WorkRoom\MyWork\ExampleForBlog\ToolFramework\Interm\DebugDll\link-cvtres.write.1.tlog
E:\WORKROOM\MYWORK\EXAMPLEFORBLOG\TOOLFRAMEWORK\INTERM\DEBUGDLL\MESH.OBJ
E:\WORKROOM\MYWORK\EXAMPLEFORBLOG\TOOLFRAMEWORK\INTERM\DEBUGDLL\MESH.SBR
E:\WORKROOM\MYWORK\EXAMPLEFORBLOG\TOOLFRAMEWORK\INTERM\DEBUGDLL\MODEL.OBJ
E:\WORKROOM\MYWORK\EXAMPLEFORBLOG\TOOLFRAMEWORK\INTERM\DEBUGDLL\MODEL.SBR
E:\WorkRoom\MyWork\ExampleForBlog\ToolFramework\Interm\DebugDll\mt.command.1.tlog
E:\WorkRoom\MyWork\ExampleForBlog\ToolFramework\Interm\DebugDll\mt.read.1.tlog
E:\WorkRoom\MyWork\ExampleForBlog\ToolFramework\Interm\DebugDll\mt.write.1.tlog
E:\WORKROOM\MYWORK\EXAMPLEFORBLOG\TOOLFRAMEWORK\INTERM\DEBUGDLL\PICKING.OBJ
E:\WORKROOM\MYWORK\EXAMPLEFORBLOG\TOOLFRAMEWORK\INTERM\DEBUGDLL\PICKING.SBR
E:\WORKROOM\MYWORK\EXAMPLEFORBLOG\TOOLFRAMEWORK\INTERM\DEBUGDLL\PLAYER.OBJ
E:\WORKROOM\MYWORK\EXAMPLEFORBLOG\TOOLFRAMEWORK\INTERM\DEBUGDLL\PLAYER.SBR
E:\WorkRoom\MyWork\ExampleForBlog\ToolFramework\Interm\DebugDll\rc.command.1.tlog
E:\WorkRoom\MyWork\ExampleForBlog\ToolFramework\Interm\DebugDll\rc.read.1.tlog
E:\WorkRoom\MyWork\ExampleForBlog\ToolFramework\Interm\DebugDll\rc.write.1.tlog
E:\WORKROOM\MYWORK\EXAMPLEFORBLOG\TOOLFRAMEWORK\INTERM\DEBUGDLL\RENDER.OBJ
E:\WORKROOM\MYWORK\EXAMPLEFORBLOG\TOOLFRAMEWORK\INTERM\DEBUGDLL\RENDER.SBR
E:\WORKROOM\MYWORK\EXAMPLEFORBLOG\TOOLFRAMEWORK\INTERM\DEBUGDLL\RENDER_CARTOON.OBJ
E:\WORKROOM\MYWORK\EXAMPLEFORBLOG\TOOLFRAMEWORK\INTERM\DEBUGDLL\RENDER_CARTOON.SBR
E:\WORKROOM\MYWORK\EXAMPLEFORBLOG\TOOLFRAMEWORK\INTERM\DEBUGDLL\SCRIPT1.RES
E:\WORKROOM\MYWORK\EXAMPLEFORBLOG\TOOLFRAMEWORK\INTERM\DEBUGDLL\TIMER.OBJ
E:\WORKROOM\MYWORK\EXAMPLEFORBLOG\TOOLFRAMEWORK\INTERM\DEBUGDLL\TIMER.SBR
E:\WorkRoom\MyWork\ExampleForBlog\ToolFramework\Interm\DebugDll\ToolInterface.dll.embed.manifest
E:\WORKROOM\MYWORK\EXAMPLEFORBLOG\TOOLFRAMEWORK\INTERM\DEBUGDLL\TOOLINTERFACE.DLL.EMBED.MANIFEST.RES
E:\WorkRoom\MyWork\ExampleForBlog\ToolFramework\Interm\DebugDll\ToolInterface.dll.intermediate.manifest
E:\WORKROOM\MYWORK\EXAMPLEFORBLOG\TOOLFRAMEWORK\INTERM\DEBUGDLL\TOOLINTERFACE.EXE.EMBED.MANIFEST
E:\WorkRoom\MyWork\ExampleForBlog\ToolFramework\Interm\DebugDll\ToolInterface.exe.embed.manifest.res
E:\WORKROOM\MYWORK\EXAMPLEFORBLOG\TOOLFRAMEWORK\INTERM\DEBUGDLL\TOOLINTERFACE.EXE.INTERMEDIATE.MANIFEST
E:\WORKROOM\MYWORK\EXAMPLEFORBLOG\TOOLFRAMEWORK\INTERM\DEBUGDLL\TOOLINTERFACE.OBJ
E:\WORKROOM\MYWORK\EXAMPLEFORBLOG\TOOLFRAMEWORK\INTERM\DEBUGDLL\TOOLINTERFACE.PCH
E:\WorkRoom\MyWork\ExampleForBlog\ToolFramework\Interm\DebugDll\ToolInterface.vcxprojResolveAssemblyReference.cache
E:\WorkRoom\MyWork\ExampleForBlog\ToolFramework\Interm\DebugDll\ToolInterface.write.1.tlog
E:\WorkRoom\MyWork\ExampleForBlog\ToolFramework\Interm\DebugDll\ToolInterface_manifest.rc
E:\WORKROOM\MYWORK\EXAMPLEFORBLOG\TOOLFRAMEWORK\INTERM\DEBUGDLL\TOOLPCH.OBJ
E:\WORKROOM\MYWORK\EXAMPLEFORBLOG\TOOLFRAMEWORK\INTERM\DEBUGDLL\UTILITY.OBJ
E:\WORKROOM\MYWORK\EXAMPLEFORBLOG\TOOLFRAMEWORK\INTERM\DEBUGDLL\UTILITY.SBR
E:\WorkRoom\MyWork\ExampleForBlog\ToolFramework\Interm\DebugDll\vc100.idb
E:\WORKROOM\MYWORK\EXAMPLEFORBLOG\TOOLFRAMEWORK\INTERM\DEBUGDLL\VC100.PDB
E:\WORKROOM\MYWORK\EXAMPLEFORBLOG\TOOLFRAMEWORK\INTERM\DEBUGDLL\WINMAIN.OBJ
E:\WORKROOM\MYWORK\EXAMPLEFORBLOG\TOOLFRAMEWORK\INTERM\DEBUGDLL\XFILE.OBJ
E:\WORKROOM\MYWORK\EXAMPLEFORBLOG\TOOLFRAMEWORK\INTERM\DEBUGDLL\XFILE.SBR
E:\WORKROOM\MYWORK\EXAMPLEFORBLOG\TOOLFRAMEWORK\INTERM\DEBUGDLL\ZFRUSTUM.OBJ
E:\WORKROOM\MYWORK\EXAMPLEFORBLOG\TOOLFRAMEWORK\INTERM\DEBUGDLL\ZFRUSTUM.SBR
E:\WORKROOM\MYWORK\EXAMPLEFORBLOG\TOOLFRAMEWORK\INTERM\DEBUGDLL\ZQUADTREE.OBJ
E:\WORKROOM\MYWORK\EXAMPLEFORBLOG\TOOLFRAMEWORK\INTERM\DEBUGDLL\ZQUADTREE.SBR
E:\WORKROOM\MYWORK\EXAMPLEFORBLOG\TOOLFRAMEWORK\INTERM\DEBUGDLL\ZTERRAIN.OBJ
E:\WORKROOM\MYWORK\EXAMPLEFORBLOG\TOOLFRAMEWORK\INTERM\DEBUGDLL\ZTERRAIN.SBR
E:\WORKROOM\MYWORK\EXAMPLEFORBLOG\TOOLFRAMEWORK\OUTPUT\DEBUGDLL\CLIENTLAUNCHER.EXE
E:\WORKROOM\MYWORK\EXAMPLEFORBLOG\TOOLFRAMEWORK\OUTPUT\DEBUGDLL\CLIENTLAUNCHER.ILK
E:\WORKROOM\MYWORK\EXAMPLEFORBLOG\TOOLFRAMEWORK\OUTPUT\DEBUGDLL\CLIENTLAUNCHER.PDB
E:\WORKROOM\MYWORK\EXAMPLEFORBLOG\TOOLFRAMEWORK\OUTPUT\DEBUGDLL\FRAMEWORK.BSC
E:\WORKROOM\MYWORK\EXAMPLEFORBLOG\TOOLFRAMEWORK\OUTPUT\DEBUGDLL\FRAMEWORK.DLL
E:\WorkRoom\MyWork\ExampleForBlog\ToolFramework\Output\DebugDll\FrameWork.exp
E:\WORKROOM\MYWORK\EXAMPLEFORBLOG\TOOLFRAMEWORK\OUTPUT\DEBUGDLL\FRAMEWORK.ILK
E:\WorkRoom\MyWork\ExampleForBlog\ToolFramework\Output\DebugDll\FrameWork.lib
E:\WORKROOM\MYWORK\EXAMPLEFORBLOG\TOOLFRAMEWORK\OUTPUT\DEBUGDLL\FRAMEWORK.MAP
E:\WORKROOM\MYWORK\EXAMPLEFORBLOG\TOOLFRAMEWORK\OUTPUT\DEBUGDLL\FRAMEWORK.PDB
E:\WORKROOM\MYWORK\EXAMPLEFORBLOG\TOOLFRAMEWORK\OUTPUT\DEBUGDLL\TOOLINTERFACE.EXE
E:\WorkRoom\MyWork\ExampleForBlog\ToolFramework\Output\DebugDll\ToolInterface.exp
E:\WORKROOM\MYWORK\EXAMPLEFORBLOG\TOOLFRAMEWORK\OUTPUT\DEBUGDLL\TOOLINTERFACE.ILK
E:\WorkRoom\MyWork\ExampleForBlog\ToolFramework\Output\DebugDll\ToolInterface.lib
E:\WORKROOM\MYWORK\EXAMPLEFORBLOG\TOOLFRAMEWORK\OUTPUT\DEBUGDLL\TOOLINTERFACE.PDB
